\BOOKMARK [1][-]{section*.2}{Cap\355tulo 2}{}% 1
\BOOKMARK [2][-]{section*.3}{Grupos Cocientes}{section*.2}% 2
\BOOKMARK [3][-]{section*.4}{10.5}{section*.3}% 3
\BOOKMARK [3][-]{section*.5}{10.7}{section*.3}% 4
\BOOKMARK [3][-]{section*.6}{10.11}{section*.3}% 5
\BOOKMARK [1][-]{section*.7}{Cap\355tulo 5}{}% 6
\BOOKMARK [2][-]{section*.8}{Simetr\355as the figuras planas}{section*.7}% 7
\BOOKMARK [3][-]{section*.9}{1.1}{section*.8}% 8
\BOOKMARK [3][-]{section*.10}{1.3}{section*.8}% 9
\BOOKMARK [2][-]{section*.11}{Simetr\355a Abstracta: Operaciones de Grupos}{section*.7}% 10
\BOOKMARK [3][-]{section*.12}{5.3}{section*.11}% 11
\BOOKMARK [3][-]{section*.13}{5.5}{section*.11}% 12
\BOOKMARK [3][-]{section*.14}{5.7}{section*.11}% 13
\BOOKMARK [3][-]{section*.15}{5.11}{section*.11}% 14
\BOOKMARK [2][-]{section*.16}{Operaciones en clases laterales}{section*.7}% 15
\BOOKMARK [3][-]{section*.17}{6.3}{section*.16}% 16
\BOOKMARK [3][-]{section*.18}{6.5}{section*.16}% 17
\BOOKMARK [3][-]{section*.19}{6.7}{section*.16}% 18
\BOOKMARK [2][-]{section*.20}{La formula para contar}{section*.7}% 19
\BOOKMARK [3][-]{section*.21}{7.1}{section*.20}% 20
\BOOKMARK [3][-]{section*.22}{7.5}{section*.20}% 21
\BOOKMARK [2][-]{section*.23}{Representaciones de permutaciones}{section*.7}% 22
\BOOKMARK [3][-]{section*.24}{8.1}{section*.23}% 23
\BOOKMARK [3][-]{section*.25}{8.5}{section*.23}% 24
