\BOOKMARK [1][-]{section*.2}{Cap\355tulo 10}{}% 1
\BOOKMARK [2][-]{section*.3}{10.5}{section*.2}% 2
\BOOKMARK [3][-]{section*.4}{1}{section*.3}% 3
\BOOKMARK [3][-]{section*.5}{7}{section*.3}% 4
\BOOKMARK [3][-]{section*.6}{9}{section*.3}% 5
\BOOKMARK [2][-]{section*.7}{10.6 Dominio de Enteros y Cuerpos Fraccionarios}{section*.2}% 6
\BOOKMARK [3][-]{section*.8}{1}{section*.7}% 7
\BOOKMARK [3][-]{section*.9}{3}{section*.7}% 8
\BOOKMARK [3][-]{section*.10}{5}{section*.7}% 9
\BOOKMARK [2][-]{section*.11}{10.7 Ideales M\341ximos}{section*.2}% 10
\BOOKMARK [3][-]{section*.12}{1}{section*.11}% 11
\BOOKMARK [3][-]{section*.13}{3}{section*.11}% 12
\BOOKMARK [3][-]{section*.14}{7}{section*.11}% 13
\BOOKMARK [2][-]{section*.15}{10.8 Geometr\355a Algebraica}{section*.2}% 14
\BOOKMARK [3][-]{section*.16}{1}{section*.15}% 15
\BOOKMARK [3][-]{section*.17}{5}{section*.15}% 16
\BOOKMARK [3][-]{section*.18}{7}{section*.15}% 17
\BOOKMARK [1][-]{section*.19}{Cap\355tulo 11}{}% 18
\BOOKMARK [2][-]{section*.20}{11.1 Factorizaci\363n de Enteros y Polinomios}{section*.19}% 19
\BOOKMARK [3][-]{section*.21}{3}{section*.20}% 20
\BOOKMARK [3][-]{section*.22}{5}{section*.20}% 21
\BOOKMARK [3][-]{section*.23}{8}{section*.20}% 22
