\BOOKMARK [1][-]{section*.2}{1. Operaciones de un grupo en si mismo}{}% 1
\BOOKMARK [2][-]{section*.3}{1.1}{section*.2}% 2
\BOOKMARK [2][-]{section*.4}{1.7}{section*.2}% 3
\BOOKMARK [2][-]{section*.5}{1.9}{section*.2}% 4
\BOOKMARK [2][-]{section*.6}{1.15}{section*.2}% 5
\BOOKMARK [1][-]{section*.7}{3. Operaciones en un subconjunto}{}% 6
\BOOKMARK [2][-]{section*.8}{3.7}{section*.7}% 7
\BOOKMARK [2][-]{section*.9}{3.9}{section*.7}% 8
\BOOKMARK [2][-]{section*.10}{3.13}{section*.7}% 9
\BOOKMARK [1][-]{section*.11}{4. Teoremas de Sylow}{}% 10
\BOOKMARK [2][-]{section*.12}{4.1}{section*.11}% 11
\BOOKMARK [2][-]{section*.13}{4.3}{section*.11}% 12
\BOOKMARK [2][-]{section*.14}{4.13}{section*.11}% 13
\BOOKMARK [1][-]{section*.15}{5. Grupos de orden 12}{}% 14
\BOOKMARK [2][-]{section*.16}{5.3}{section*.15}% 15
\BOOKMARK [1][-]{section*.17}{6. C\341lculo de los grupos sim\351tricos}{}% 16
\BOOKMARK [2][-]{section*.18}{6.3}{section*.17}% 17
\BOOKMARK [2][-]{section*.19}{6.7}{section*.17}% 18
\BOOKMARK [1][-]{section*.20}{7. El grupo libre}{}% 19
\BOOKMARK [2][-]{section*.21}{7.3}{section*.20}% 20
